1640027431612	geckodriver	INFO	Listening on 127.0.0.1:41677
1640027431617	mozrunner::runner	INFO	Running command: "/usr/bin/firefox" "--marionette" "--remote-debugging-port" "36257" "-no-remote" "-profile" "/tmp/rust_mozprofile3CROPd"
1640027435513	Marionette	INFO	Marionette enabled
console.warn: SearchSettings: "get: No settings file exists, new profile?" (new NotFoundError("Could not open the file at /tmp/rust_mozprofile3CROPd/search.json.mozlz4", (void 0)))
DevTools listening on ws://localhost:36257/devtools/browser/2ab3c2ca-793c-4f99-aae2-5f46e5927caf
1640027441646	Marionette	INFO	Listening on port 36405
1640027441963	RemoteAgent	WARN	TLS certificate errors will be ignored for this session
1640027454572	Marionette	INFO	Stopped listening on port 36405
console.warn: TopSitesFeed: Failed to fetch data from Contile server: NetworkError when attempting to fetch resource.
JavaScript error: chrome://remote/content/marionette/cert.js, line 55: NS_ERROR_NOT_AVAILABLE: Component returned failure code: 0x80040111 (NS_ERROR_NOT_AVAILABLE) [nsICertOverrideService.setDisableAllSecurityChecksAndLetAttackersInterceptMyData]
1640027484389	geckodriver	INFO	Listening on 127.0.0.1:54335
1640027484395	mozrunner::runner	INFO	Running command: "/usr/bin/firefox" "--marionette" "--remote-debugging-port" "49895" "-no-remote" "-profile" "/tmp/rust_mozprofileIYSi7d"
1640027487225	Marionette	INFO	Marionette enabled
console.warn: SearchSettings: "get: No settings file exists, new profile?" (new NotFoundError("Could not open the file at /tmp/rust_mozprofileIYSi7d/search.json.mozlz4", (void 0)))
DevTools listening on ws://localhost:49895/devtools/browser/deb7a03a-534d-4396-a12e-cd1b091bf5a3
1640027492170	Marionette	INFO	Listening on port 43053
1640027492520	RemoteAgent	WARN	TLS certificate errors will be ignored for this session
ATTENTION: default value of option mesa_glthread overridden by environment.
JavaScript error: file:////tmp/bokehphojajat.html, line 238: TypeError: this.plot_view is null
1640027498556	Marionette	INFO	Stopped listening on port 43053
console.warn: TopSitesFeed: Failed to fetch data from Contile server: NetworkError when attempting to fetch resource.
JavaScript error: chrome://remote/content/marionette/cert.js, line 55: NS_ERROR_NOT_AVAILABLE: Component returned failure code: 0x80040111 (NS_ERROR_NOT_AVAILABLE) [nsICertOverrideService.setDisableAllSecurityChecksAndLetAttackersInterceptMyData]
1640027531792	geckodriver	INFO	Listening on 127.0.0.1:60277
1640027531797	mozrunner::runner	INFO	Running command: "/usr/bin/firefox" "--marionette" "--remote-debugging-port" "48957" "-no-remote" "-profile" "/tmp/rust_mozprofilevFwRLX"
1640027534702	Marionette	INFO	Marionette enabled
console.warn: SearchSettings: "get: No settings file exists, new profile?" (new NotFoundError("Could not open the file at /tmp/rust_mozprofilevFwRLX/search.json.mozlz4", (void 0)))
DevTools listening on ws://localhost:48957/devtools/browser/c4ac5514-da9c-480e-9a25-1596130674db
1640027538079	Marionette	INFO	Listening on port 36537
1640027538687	RemoteAgent	WARN	TLS certificate errors will be ignored for this session
1640027545598	Marionette	INFO	Stopped listening on port 36537
console.warn: TopSitesFeed: Failed to fetch data from Contile server: NetworkError when attempting to fetch resource.
JavaScript error: chrome://remote/content/marionette/cert.js, line 55: NS_ERROR_NOT_AVAILABLE: Component returned failure code: 0x80040111 (NS_ERROR_NOT_AVAILABLE) [nsICertOverrideService.setDisableAllSecurityChecksAndLetAttackersInterceptMyData]

###!!! [Parent][RunMessage] Error: Channel closing: too late to send/recv, messages will be lost

1640027568165	geckodriver	INFO	Listening on 127.0.0.1:56719
1640027568690	mozrunner::runner	INFO	Running command: "/usr/bin/firefox" "--marionette" "--remote-debugging-port" "41251" "-no-remote" "-profile" "/tmp/rust_mozprofile0cjO8d"
1640027571202	Marionette	INFO	Marionette enabled
console.warn: SearchSettings: "get: No settings file exists, new profile?" (new NotFoundError("Could not open the file at /tmp/rust_mozprofile0cjO8d/search.json.mozlz4", (void 0)))
DevTools listening on ws://localhost:41251/devtools/browser/4831b6e4-646f-4770-b50f-7dbc7be8f46d
1640027574204	Marionette	INFO	Listening on port 35051
1640027574794	RemoteAgent	WARN	TLS certificate errors will be ignored for this session
ATTENTION: default value of option mesa_glthread overridden by environment.
JavaScript error: file:////tmp/bokehqj5hwjht.html, line 238: TypeError: this.plot_view is null
1640027578657	Marionette	INFO	Stopped listening on port 35051
JavaScript error: resource://gre/modules/UrlClassifierListManager.jsm, line 691: TypeError: this.tablesData[table] is undefined
console.warn: TopSitesFeed: Failed to fetch data from Contile server: NetworkError when attempting to fetch resource.
JavaScript error: chrome://remote/content/marionette/cert.js, line 55: NS_ERROR_NOT_AVAILABLE: Component returned failure code: 0x80040111 (NS_ERROR_NOT_AVAILABLE) [nsICertOverrideService.setDisableAllSecurityChecksAndLetAttackersInterceptMyData]
1640027728328	geckodriver	INFO	Listening on 127.0.0.1:57289
1640027728334	mozrunner::runner	INFO	Running command: "/usr/bin/firefox" "--marionette" "--remote-debugging-port" "43037" "-no-remote" "-profile" "/tmp/rust_mozprofileN5zI5b"
1640027730743	Marionette	INFO	Marionette enabled
console.warn: SearchSettings: "get: No settings file exists, new profile?" (new NotFoundError("Could not open the file at /tmp/rust_mozprofileN5zI5b/search.json.mozlz4", (void 0)))
DevTools listening on ws://localhost:43037/devtools/browser/b8f33986-9ec1-422e-a158-f4757f9037fa
1640027733879	Marionette	INFO	Listening on port 42597
1640027734450	RemoteAgent	WARN	TLS certificate errors will be ignored for this session
ATTENTION: default value of option mesa_glthread overridden by environment.
1640027749363	Marionette	INFO	Stopped listening on port 42597
console.warn: TopSitesFeed: Failed to fetch data from Contile server: NetworkError when attempting to fetch resource.
JavaScript error: chrome://remote/content/marionette/cert.js, line 55: NS_ERROR_NOT_AVAILABLE: Component returned failure code: 0x80040111 (NS_ERROR_NOT_AVAILABLE) [nsICertOverrideService.setDisableAllSecurityChecksAndLetAttackersInterceptMyData]
1640027867900	geckodriver	INFO	Listening on 127.0.0.1:57473
1640027867906	mozrunner::runner	INFO	Running command: "/usr/bin/firefox" "--marionette" "--remote-debugging-port" "45113" "-no-remote" "-profile" "/tmp/rust_mozprofile6mF8Ua"
*** You are running in headless mode.
1640027869704	Marionette	INFO	Marionette enabled
[GFX1-]: RenderCompositorSWGL failed mapping default framebuffer, no dt
console.warn: SearchSettings: "get: No settings file exists, new profile?" (new NotFoundError("Could not open the file at /tmp/rust_mozprofile6mF8Ua/search.json.mozlz4", (void 0)))
DevTools listening on ws://localhost:45113/devtools/browser/b42b0e46-f45a-4db1-a698-57bd6d0c2630
1640027872985	Marionette	INFO	Listening on port 33063
1640027873047	RemoteAgent	WARN	TLS certificate errors will be ignored for this session
1640027921966	geckodriver	INFO	Listening on 127.0.0.1:39183
1640027921972	mozrunner::runner	INFO	Running command: "/usr/bin/firefox" "--marionette" "--remote-debugging-port" "53589" "-no-remote" "-profile" "/tmp/rust_mozprofilesMqkBi"
*** You are running in headless mode.
1640027923819	Marionette	INFO	Marionette enabled
[GFX1-]: RenderCompositorSWGL failed mapping default framebuffer, no dt
console.warn: SearchSettings: "get: No settings file exists, new profile?" (new NotFoundError("Could not open the file at /tmp/rust_mozprofilesMqkBi/search.json.mozlz4", (void 0)))
DevTools listening on ws://localhost:53589/devtools/browser/396f41d1-8c50-499c-bcad-f55e394a24c1
1640027927891	Marionette	INFO	Listening on port 44951
1640027928613	RemoteAgent	WARN	TLS certificate errors will be ignored for this session
1640028102845	geckodriver	INFO	Listening on 127.0.0.1:37933
1640028103364	mozrunner::runner	INFO	Running command: "/usr/bin/firefox" "--marionette" "--remote-debugging-port" "51815" "-no-remote" "-profile" "/tmp/rust_mozprofilez6Ppcy"
*** You are running in headless mode.
1640028105481	Marionette	INFO	Marionette enabled
[GFX1-]: RenderCompositorSWGL failed mapping default framebuffer, no dt
console.warn: SearchSettings: "get: No settings file exists, new profile?" (new NotFoundError("Could not open the file at /tmp/rust_mozprofilez6Ppcy/search.json.mozlz4", (void 0)))
DevTools listening on ws://localhost:51815/devtools/browser/3db42fc5-322b-4baf-b3e0-362c8ad97a07
1640028108744	Marionette	INFO	Listening on port 34507
console.error: Region.jsm: "Error fetching region" (new Error("TIMEOUT", "resource://gre/modules/Region.jsm", 772))
console.error: Region.jsm: "Failed to fetch region" (new Error("TIMEOUT", "resource://gre/modules/Region.jsm", 419))
1640028112056	RemoteAgent	WARN	TLS certificate errors will be ignored for this session
1640028139770	geckodriver	INFO	Listening on 127.0.0.1:45461
1640028139775	mozrunner::runner	INFO	Running command: "/usr/bin/firefox" "--marionette" "--remote-debugging-port" "57545" "-no-remote" "-profile" "/tmp/rust_mozprofileZUTtt8"
*** You are running in headless mode.
1640028142584	Marionette	INFO	Marionette enabled
[GFX1-]: RenderCompositorSWGL failed mapping default framebuffer, no dt
console.warn: SearchSettings: "get: No settings file exists, new profile?" (new NotFoundError("Could not open the file at /tmp/rust_mozprofileZUTtt8/search.json.mozlz4", (void 0)))
DevTools listening on ws://localhost:57545/devtools/browser/fec520ca-3185-41b9-bf9f-922b6154c4d3
1640028148313	Marionette	INFO	Listening on port 45791
1640028149389	RemoteAgent	WARN	TLS certificate errors will be ignored for this session
console.error: Region.jsm: "Error fetching region" (new Error("TIMEOUT", "resource://gre/modules/Region.jsm", 772))
console.error: Region.jsm: "Failed to fetch region" (new Error("TIMEOUT", "resource://gre/modules/Region.jsm", 419))
console.log: WebExtensions: reset-default-search: starting.
console.log: WebExtensions: reset-default-search: No addons in our list are installed.
console.log: WebExtensions: reset-default-search: starting.
console.log: WebExtensions: reset-default-search: No addons in our list are installed.
console.log: WebExtensions: reset-default-search: starting.
console.log: WebExtensions: reset-default-search: No addons in our list are installed.
console.log: WebExtensions: reset-default-search: starting.
console.log: WebExtensions: reset-default-search: No addons in our list are installed.
1640028693031	geckodriver	INFO	Listening on 127.0.0.1:56223
1640028693538	mozrunner::runner	INFO	Running command: "/usr/bin/firefox" "--marionette" "--remote-debugging-port" "56981" "-no-remote" "-profile" "/tmp/rust_mozprofileBA8DX5"
*** You are running in headless mode.
1640028695841	Marionette	INFO	Marionette enabled
[GFX1-]: RenderCompositorSWGL failed mapping default framebuffer, no dt
console.warn: SearchSettings: "get: No settings file exists, new profile?" (new NotFoundError("Could not open the file at /tmp/rust_mozprofileBA8DX5/search.json.mozlz4", (void 0)))
DevTools listening on ws://localhost:56981/devtools/browser/a83c0486-b59c-469a-8f3e-4373adf9a2f6
1640028700517	Marionette	INFO	Listening on port 34897
1640028700704	RemoteAgent	WARN	TLS certificate errors will be ignored for this session
console.log: WebExtensions: reset-default-search: starting.
console.log: WebExtensions: reset-default-search: No addons in our list are installed.
1640030997188	geckodriver	INFO	Listening on 127.0.0.1:44465
1640030997617	mozrunner::runner	INFO	Running command: "/usr/bin/firefox" "--marionette" "--remote-debugging-port" "58837" "-no-remote" "-profile" "/tmp/rust_mozprofileICtMJp"
*** You are running in headless mode.
1640031000600	Marionette	INFO	Marionette enabled
[GFX1-]: RenderCompositorSWGL failed mapping default framebuffer, no dt
console.warn: SearchSettings: "get: No settings file exists, new profile?" (new NotFoundError("Could not open the file at /tmp/rust_mozprofileICtMJp/search.json.mozlz4", (void 0)))
DevTools listening on ws://localhost:58837/devtools/browser/3eb13c54-f351-41c6-88fe-9ddc5feae25c
1640031004881	Marionette	INFO	Listening on port 40539
1640031005240	RemoteAgent	WARN	TLS certificate errors will be ignored for this session
1640031030285	geckodriver	INFO	Listening on 127.0.0.1:34161
1640031030295	mozrunner::runner	INFO	Running command: "/usr/bin/firefox" "--marionette" "--remote-debugging-port" "55633" "-no-remote" "-profile" "/tmp/rust_mozprofileFCtybQ"
*** You are running in headless mode.
1640031032326	Marionette	INFO	Marionette enabled
[GFX1-]: RenderCompositorSWGL failed mapping default framebuffer, no dt
console.warn: SearchSettings: "get: No settings file exists, new profile?" (new NotFoundError("Could not open the file at /tmp/rust_mozprofileFCtybQ/search.json.mozlz4", (void 0)))
DevTools listening on ws://localhost:55633/devtools/browser/17877246-8d49-4e0e-8c17-388a0c14fbc1
1640031036426	Marionette	INFO	Listening on port 38857
1640031037206	RemoteAgent	WARN	TLS certificate errors will be ignored for this session
1640031422740	geckodriver	INFO	Listening on 127.0.0.1:40777
1640031423168	mozrunner::runner	INFO	Running command: "/usr/bin/firefox" "--marionette" "--remote-debugging-port" "38113" "-no-remote" "-profile" "/tmp/rust_mozprofileXPK3lN"
*** You are running in headless mode.
1640031426064	Marionette	INFO	Marionette enabled
[GFX1-]: RenderCompositorSWGL failed mapping default framebuffer, no dt
console.warn: SearchSettings: "get: No settings file exists, new profile?" (new NotFoundError("Could not open the file at /tmp/rust_mozprofileXPK3lN/search.json.mozlz4", (void 0)))
DevTools listening on ws://localhost:38113/devtools/browser/722dc541-f5f4-4e3e-9244-b92628448403
1640031431019	Marionette	INFO	Listening on port 42655
1640031431622	RemoteAgent	WARN	TLS certificate errors will be ignored for this session
1640031444779	geckodriver	INFO	Listening on 127.0.0.1:46609
1640031444816	mozrunner::runner	INFO	Running command: "/usr/bin/firefox" "--marionette" "--remote-debugging-port" "57697" "-no-remote" "-profile" "/tmp/rust_mozprofileBhunv9"
*** You are running in headless mode.
1640031446964	Marionette	INFO	Marionette enabled
[GFX1-]: RenderCompositorSWGL failed mapping default framebuffer, no dt
console.warn: SearchSettings: "get: No settings file exists, new profile?" (new NotFoundError("Could not open the file at /tmp/rust_mozprofileBhunv9/search.json.mozlz4", (void 0)))
DevTools listening on ws://localhost:57697/devtools/browser/b15979f4-4cc0-4462-a5a2-ba9beb1869c4
1640031450197	Marionette	INFO	Listening on port 44935
1640031450293	RemoteAgent	WARN	TLS certificate errors will be ignored for this session
1640031477594	geckodriver	INFO	Listening on 127.0.0.1:57095
1640031478099	mozrunner::runner	INFO	Running command: "/usr/bin/firefox" "--marionette" "--remote-debugging-port" "36731" "-no-remote" "-profile" "/tmp/rust_mozprofilenRbzIz"
*** You are running in headless mode.
1640031480084	Marionette	INFO	Marionette enabled
[GFX1-]: RenderCompositorSWGL failed mapping default framebuffer, no dt
console.warn: SearchSettings: "get: No settings file exists, new profile?" (new NotFoundError("Could not open the file at /tmp/rust_mozprofilenRbzIz/search.json.mozlz4", (void 0)))
DevTools listening on ws://localhost:36731/devtools/browser/409a5185-06e0-40e0-ad2d-3ca38eeed19e
1640031483668	Marionette	INFO	Listening on port 39023
1640031484202	RemoteAgent	WARN	TLS certificate errors will be ignored for this session
1640031660103	geckodriver	INFO	Listening on 127.0.0.1:58007
1640031660614	mozrunner::runner	INFO	Running command: "/usr/bin/firefox" "--marionette" "--remote-debugging-port" "51825" "-no-remote" "-profile" "/tmp/rust_mozprofilev86VoF"
*** You are running in headless mode.
1640031668433	Marionette	INFO	Marionette enabled
[GFX1-]: RenderCompositorSWGL failed mapping default framebuffer, no dt
console.warn: SearchSettings: "get: No settings file exists, new profile?" (new NotFoundError("Could not open the file at /tmp/rust_mozprofilev86VoF/search.json.mozlz4", (void 0)))
DevTools listening on ws://localhost:51825/devtools/browser/455b2475-9ddf-4667-974f-b464720cdf60
1640031672616	Marionette	INFO	Listening on port 36025
1640031673314	RemoteAgent	WARN	TLS certificate errors will be ignored for this session
console.error: Region.jsm: "Error fetching region" (new Error("TIMEOUT", "resource://gre/modules/Region.jsm", 772))
console.error: Region.jsm: "Failed to fetch region" (new Error("TIMEOUT", "resource://gre/modules/Region.jsm", 419))
console.log: WebExtensions: reset-default-search: starting.
console.log: WebExtensions: reset-default-search: No addons in our list are installed.
console.log: WebExtensions: reset-default-search: starting.
console.log: WebExtensions: reset-default-search: No addons in our list are installed.
console.log: WebExtensions: reset-default-search: starting.
console.log: WebExtensions: reset-default-search: No addons in our list are installed.
1640031941242	geckodriver	INFO	Listening on 127.0.0.1:34909
1640031941754	mozrunner::runner	INFO	Running command: "/usr/bin/firefox" "--marionette" "--remote-debugging-port" "35869" "-no-remote" "-profile" "/tmp/rust_mozprofileBA5ILb"
*** You are running in headless mode.
1640031943144	geckodriver	INFO	Listening on 127.0.0.1:50847
1640031943153	mozrunner::runner	INFO	Running command: "/usr/bin/firefox" "--marionette" "--remote-debugging-port" "41339" "-no-remote" "-profile" "/tmp/rust_mozprofilebDbeu7"
*** You are running in headless mode.
1640031945652	Marionette	INFO	Marionette enabled
1640031947156	Marionette	INFO	Marionette enabled
[GFX1-]: RenderCompositorSWGL failed mapping default framebuffer, no dt
console.warn: SearchSettings: "get: No settings file exists, new profile?" (new NotFoundError("Could not open the file at /tmp/rust_mozprofilebDbeu7/search.json.mozlz4", (void 0)))
[GFX1-]: RenderCompositorSWGL failed mapping default framebuffer, no dt
console.warn: SearchSettings: "get: No settings file exists, new profile?" (new NotFoundError("Could not open the file at /tmp/rust_mozprofileBA5ILb/search.json.mozlz4", (void 0)))
DevTools listening on ws://localhost:41339/devtools/browser/7462eff4-6f1b-4bf3-b57f-7330a38a4d4b
1640031952725	Marionette	INFO	Listening on port 33013
DevTools listening on ws://localhost:35869/devtools/browser/6158531d-0dc9-47d3-9db4-417e558575c5
1640031953021	RemoteAgent	WARN	TLS certificate errors will be ignored for this session
1640031953116	Marionette	INFO	Listening on port 33835
1640031953460	RemoteAgent	WARN	TLS certificate errors will be ignored for this session
console.log: WebExtensions: reset-default-search: starting.
console.log: WebExtensions: reset-default-search: No addons in our list are installed.
1640032144662	geckodriver	INFO	Listening on 127.0.0.1:48945
1640032144698	mozrunner::runner	INFO	Running command: "/usr/bin/firefox" "--marionette" "--remote-debugging-port" "51367" "-no-remote" "-profile" "/tmp/rust_mozprofileoeqows"
*** You are running in headless mode.
1640032147768	Marionette	INFO	Marionette enabled
[GFX1-]: RenderCompositorSWGL failed mapping default framebuffer, no dt
console.warn: SearchSettings: "get: No settings file exists, new profile?" (new NotFoundError("Could not open the file at /tmp/rust_mozprofileoeqows/search.json.mozlz4", (void 0)))
DevTools listening on ws://localhost:51367/devtools/browser/973c84d1-eaf2-49b3-b8a7-219a8aad5241
1640032151331	Marionette	INFO	Listening on port 45539
1640032152513	RemoteAgent	WARN	TLS certificate errors will be ignored for this session
console.log: WebExtensions: reset-default-search: starting.
console.log: WebExtensions: reset-default-search: No addons in our list are installed.
console.log: WebExtensions: reset-default-search: starting.
console.log: WebExtensions: reset-default-search: No addons in our list are installed.
console.log: WebExtensions: reset-default-search: starting.
console.log: WebExtensions: reset-default-search: No addons in our list are installed.
